

Started GET "/static_pages/home" for 127.0.0.1 at 2016-01-14 01:07:51 -0800
Processing by StaticPagesController#home as HTML
  Rendered static_pages/home.html.erb within layouts/application (15.3ms)
Completed 200 OK in 2510ms (Views: 2495.2ms | ActiveRecord: 0.0ms)


Started GET "/assets/static_pages.self-e3b0c44298fc1c149afbf4c8996fb92427ae41e4649b934ca495991b7852b855.css?body=1" for 127.0.0.1 at 2016-01-14 01:07:53 -0800


Started GET "/assets/static_pages.self-877aef30ae1b040ab8a3aba4e3e309a11d7f2612f44dde450b5c157aa5f95c05.js?body=1" for 127.0.0.1 at 2016-01-14 01:07:54 -0800


Started GET "/about" for 127.0.0.1 at 2016-01-14 01:34:41 -0800

ActionController::RoutingError (No route matches [GET] "/about"):
  web-console (2.0.0.beta3) lib/action_dispatch/debug_exceptions.rb:22:in `middleware_call'
  web-console (2.0.0.beta3) lib/action_dispatch/debug_exceptions.rb:13:in `call'
  actionpack (4.2.2) lib/action_dispatch/middleware/show_exceptions.rb:30:in `call'
  railties (4.2.2) lib/rails/rack/logger.rb:38:in `call_app'
  railties (4.2.2) lib/rails/rack/logger.rb:20:in `block in call'
  activesupport (4.2.2) lib/active_support/tagged_logging.rb:68:in `block in tagged'
  activesupport (4.2.2) lib/active_support/tagged_logging.rb:26:in `tagged'
  activesupport (4.2.2) lib/active_support/tagged_logging.rb:68:in `tagged'
  railties (4.2.2) lib/rails/rack/logger.rb:20:in `call'
  actionpack (4.2.2) lib/action_dispatch/middleware/request_id.rb:21:in `call'
  rack (1.6.4) lib/rack/methodoverride.rb:22:in `call'
  rack (1.6.4) lib/rack/runtime.rb:18:in `call'
  activesupport (4.2.2) lib/active_support/cache/strategy/local_cache_middleware.rb:28:in `call'
  rack (1.6.4) lib/rack/lock.rb:17:in `call'
  actionpack (4.2.2) lib/action_dispatch/middleware/static.rb:113:in `call'
  rack (1.6.4) lib/rack/sendfile.rb:113:in `call'
  railties (4.2.2) lib/rails/engine.rb:518:in `call'
  railties (4.2.2) lib/rails/application.rb:164:in `call'
  rack (1.6.4) lib/rack/lock.rb:17:in `call'
  rack (1.6.4) lib/rack/content_length.rb:15:in `call'
  rack (1.6.4) lib/rack/handler/webrick.rb:88:in `service'
  /home/mikey/.rvm/rubies/ruby-2.2.1/lib/ruby/2.2.0/webrick/httpserver.rb:138:in `service'
  /home/mikey/.rvm/rubies/ruby-2.2.1/lib/ruby/2.2.0/webrick/httpserver.rb:94:in `run'
  /home/mikey/.rvm/rubies/ruby-2.2.1/lib/ruby/2.2.0/webrick/server.rb:294:in `block in start_thread'


  Rendered /home/mikey/.rvm/gems/ruby-2.2.1/gems/web-console-2.0.0.beta3/lib/action_dispatch/templates/rescues/_trace.html.erb (1.2ms)
  Rendered /home/mikey/.rvm/gems/ruby-2.2.1/gems/web-console-2.0.0.beta3/lib/action_dispatch/templates/rescues/routing_error.html.erb within rescues/layout (46.9ms)


Started GET "/static_pages/about" for 127.0.0.1 at 2016-01-14 01:35:02 -0800
Processing by StaticPagesController#about as HTML
  Rendered static_pages/about.html.erb within layouts/application (0.2ms)
Completed 200 OK in 456ms (Views: 375.0ms | ActiveRecord: 0.0ms)


Started GET "/" for 127.0.0.1 at 2016-01-14 21:41:15 -0800
Processing by StaticPagesController#home as HTML
  Rendered static_pages/home.html.erb within layouts/application (2.7ms)
Completed 200 OK in 431ms (Views: 407.1ms | ActiveRecord: 0.0ms)


Started GET "/static_pages/about" for 127.0.0.1 at 2016-01-14 21:41:29 -0800
Processing by StaticPagesController#about as HTML
  Rendered static_pages/about.html.erb within layouts/application (1.0ms)
Completed 200 OK in 63ms (Views: 62.5ms | ActiveRecord: 0.0ms)


Started GET "/" for 127.0.0.1 at 2016-01-17 20:57:41 -0800
Processing by StaticPagesController#home as HTML
  Rendered static_pages/home.html.erb within layouts/application (8.3ms)
Completed 200 OK in 1208ms (Views: 1183.2ms | ActiveRecord: 0.0ms)


Started GET "/" for 127.0.0.1 at 2016-01-17 21:06:36 -0800
Processing by StaticPagesController#home as HTML
  Rendered static_pages/home.html.erb within layouts/application (86.5ms)
Completed 500 Internal Server Error in 113ms (ActiveRecord: 0.0ms)

Sprockets::Rails::Helper::AssetNotPrecompiled (Asset was not declared to be precompiled in production.
Add `Rails.application.config.assets.precompile += %w( rails.png )` to `config/initializers/assets.rb` and restart your server):
  app/views/static_pages/home.html.erb:13:in `_app_views_static_pages_home_html_erb__1458647782678220518_44757160'


  Rendered /home/mikey/.rvm/gems/ruby-2.2.1/gems/web-console-2.0.0.beta3/lib/action_dispatch/templates/rescues/_source.erb (16.4ms)
  Rendered /home/mikey/.rvm/gems/ruby-2.2.1/gems/web-console-2.0.0.beta3/lib/action_dispatch/templates/rescues/_trace.html.erb (7.6ms)
  Rendered /home/mikey/.rvm/gems/ruby-2.2.1/gems/web-console-2.0.0.beta3/lib/action_dispatch/templates/rescues/_request_and_response.html.erb (5.1ms)
  Rendered /home/mikey/.rvm/gems/ruby-2.2.1/gems/web-console-2.0.0.beta3/lib/action_dispatch/templates/rescues/_web_console.html.erb (1.0ms)
  Rendered /home/mikey/.rvm/gems/ruby-2.2.1/gems/web-console-2.0.0.beta3/lib/action_dispatch/templates/rescues/diagnostics.html.erb within rescues/layout (103.6ms)


Started GET "/" for 127.0.0.1 at 2016-01-17 21:06:59 -0800
Processing by StaticPagesController#home as HTML
  Rendered static_pages/home.html.erb within layouts/application (1338.3ms)
Completed 200 OK in 1522ms (Views: 1516.2ms | ActiveRecord: 0.0ms)


Started GET "/assets/rails-c094bc3a4bf50e5bb477109e5cb0d213af27ad75b481c4df249f50974dbeefe6.png" for 127.0.0.1 at 2016-01-17 21:07:01 -0800


Started GET "/" for 127.0.0.1 at 2016-01-17 21:11:33 -0800
Processing by StaticPagesController#home as HTML
  Rendered static_pages/home.html.erb within layouts/application (6208.7ms)
Completed 200 OK in 6476ms (Views: 6467.3ms | ActiveRecord: 0.0ms)


Started GET "/assets/custom.self-7be1072dfedfbee742ed8703357b1ee2580abab8d1d915a932ab130a27c7916d.css?body=1" for 127.0.0.1 at 2016-01-17 21:11:40 -0800


Started GET "/" for 127.0.0.1 at 2016-01-17 21:13:25 -0800
Processing by StaticPagesController#home as HTML
  Rendered static_pages/home.html.erb within layouts/application (2741.4ms)
Completed 200 OK in 2937ms (Views: 2914.1ms | ActiveRecord: 0.0ms)


Started GET "/assets/custom.self-dc9cb816931fd357e678e0bde27e4b1db95291ab7007dd0963e393f057aa1ad1.css?body=1" for 127.0.0.1 at 2016-01-17 21:13:28 -0800


Started GET "/" for 127.0.0.1 at 2016-01-17 21:15:14 -0800
Processing by StaticPagesController#home as HTML
  Rendered static_pages/home.html.erb within layouts/application (3145.5ms)
Completed 200 OK in 3262ms (Views: 3252.4ms | ActiveRecord: 0.0ms)


Started GET "/assets/custom.self-9eca17474794afe35180dea1e6f4f4f66ab114c31975e60ef1dc0eab087cc7e1.css?body=1" for 127.0.0.1 at 2016-01-17 21:15:17 -0800


Started GET "/" for 127.0.0.1 at 2016-01-17 21:17:52 -0800
Processing by StaticPagesController#home as HTML
  Rendered static_pages/home.html.erb within layouts/application (0.8ms)
Completed 200 OK in 3358ms (Views: 3357.0ms | ActiveRecord: 0.0ms)


Started GET "/assets/custom.self-6166b68b89d8ad615642260c0aa0070d14f3e4c703e835d1cd5f51d825189ed8.css?body=1" for 127.0.0.1 at 2016-01-17 21:17:55 -0800


Started GET "/" for 127.0.0.1 at 2016-01-17 21:23:25 -0800
Processing by StaticPagesController#home as HTML
  Rendered static_pages/home.html.erb within layouts/application (20.6ms)
  Rendered layouts/_shim.html.erb (0.5ms)
  Rendered layouts/_header.html.erb (1.2ms)
Completed 200 OK in 241ms (Views: 240.0ms | ActiveRecord: 0.0ms)


Started GET "/" for 127.0.0.1 at 2016-01-17 21:25:06 -0800
Processing by StaticPagesController#home as HTML
  Rendered static_pages/home.html.erb within layouts/application (6.2ms)
  Rendered layouts/_shim.html.erb (0.1ms)
  Rendered layouts/_header.html.erb (0.2ms)
Completed 500 Internal Server Error in 185ms (ActiveRecord: 0.0ms)

ActionView::MissingTemplate (Missing partial static_pages/_footer, application/_footer with {:locale=>[:en], :formats=>[:html], :variants=>[], :handlers=>[:erb, :builder, :raw, :ruby, :coffee, :jbuilder]}. Searched in:
  * "/home/mikey/.rvm/gems/ruby-2.2.1/gems/web-console-2.0.0.beta3/lib/action_dispatch/templates"
  * "/home/mikey/the_odin_project/rails_project/sample_app/app/views"
  * "/home/mikey/.rvm/gems/ruby-2.2.1/gems/web-console-2.0.0.beta3/app/views"
):
  app/views/layouts/application.html.erb:15:in `_app_views_layouts_application_html_erb___2290244045858941778_70186617891580'


  Rendered /home/mikey/.rvm/gems/ruby-2.2.1/gems/web-console-2.0.0.beta3/lib/action_dispatch/templates/rescues/missing_template.html.erb within rescues/layout (0.5ms)


Started GET "/" for 127.0.0.1 at 2016-01-17 21:25:56 -0800
Processing by StaticPagesController#home as HTML
  Rendered static_pages/home.html.erb within layouts/application (30.3ms)
  Rendered layouts/_shim.html.erb (0.2ms)
  Rendered layouts/_header.html.erb (0.2ms)
  Rendered layouts/_footer.html.erb (1.1ms)
Completed 200 OK in 159ms (Views: 158.6ms | ActiveRecord: 0.0ms)


Started GET "/" for 127.0.0.1 at 2016-01-17 21:26:40 -0800
Processing by StaticPagesController#home as HTML
  Rendered static_pages/home.html.erb within layouts/application (3.0ms)
  Rendered layouts/_shim.html.erb (0.2ms)
  Rendered layouts/_header.html.erb (0.2ms)
  Rendered layouts/_footer.html.erb (0.2ms)
Completed 200 OK in 3875ms (Views: 3873.2ms | ActiveRecord: 0.0ms)


Started GET "/assets/custom.self-c03b4a603e90c5b297b27f2ce16edeb218661d8dd0de6783a8315ae35378a3b4.css?body=1" for 127.0.0.1 at 2016-01-17 21:26:44 -0800


Started GET "/" for 127.0.0.1 at 2016-01-17 21:42:20 -0800
Processing by StaticPagesController#home as HTML
  Rendered static_pages/home.html.erb within layouts/application (4.8ms)
  Rendered layouts/_shim.html.erb (0.0ms)
  Rendered layouts/_header.html.erb (0.1ms)
  Rendered layouts/_footer.html.erb (0.0ms)
Completed 200 OK in 2776ms (Views: 2775.9ms | ActiveRecord: 0.0ms)


Started GET "/assets/custom.self-34b49a8cc783cf2ff63725f3f8dc9835822a6d8c70231de06fc42261dea7fbe8.css?body=1" for 127.0.0.1 at 2016-01-17 21:42:23 -0800


Started GET "/" for 127.0.0.1 at 2016-01-17 21:56:28 -0800
Processing by StaticPagesController#home as HTML
  Rendered static_pages/home.html.erb within layouts/application (640.5ms)
  Rendered layouts/_shim.html.erb (2.3ms)
  Rendered layouts/_header.html.erb (0.9ms)
  Rendered layouts/_footer.html.erb (4.7ms)
Completed 200 OK in 883ms (Views: 874.2ms | ActiveRecord: 0.0ms)


Started GET "/about" for 127.0.0.1 at 2016-01-17 21:56:34 -0800
Processing by StaticPagesController#about as HTML
  Rendered static_pages/about.html.erb within layouts/application (0.3ms)
  Rendered layouts/_shim.html.erb (0.0ms)
  Rendered layouts/_header.html.erb (0.1ms)
  Rendered layouts/_footer.html.erb (0.1ms)
Completed 200 OK in 101ms (Views: 100.1ms | ActiveRecord: 0.0ms)


Started GET "/" for 127.0.0.1 at 2016-01-17 21:58:39 -0800
Processing by StaticPagesController#home as HTML
  Rendered static_pages/home.html.erb within layouts/application (10.2ms)
  Rendered layouts/_shim.html.erb (0.0ms)
  Rendered layouts/_header.html.erb (0.4ms)
  Rendered layouts/_footer.html.erb (0.1ms)
Completed 200 OK in 146ms (Views: 144.9ms | ActiveRecord: 0.0ms)


Started GET "/root_path" for 127.0.0.1 at 2016-01-17 21:58:41 -0800

ActionController::RoutingError (No route matches [GET] "/root_path"):
  web-console (2.0.0.beta3) lib/action_dispatch/debug_exceptions.rb:22:in `middleware_call'
  web-console (2.0.0.beta3) lib/action_dispatch/debug_exceptions.rb:13:in `call'
  actionpack (4.2.2) lib/action_dispatch/middleware/show_exceptions.rb:30:in `call'
  railties (4.2.2) lib/rails/rack/logger.rb:38:in `call_app'
  railties (4.2.2) lib/rails/rack/logger.rb:20:in `block in call'
  activesupport (4.2.2) lib/active_support/tagged_logging.rb:68:in `block in tagged'
  activesupport (4.2.2) lib/active_support/tagged_logging.rb:26:in `tagged'
  activesupport (4.2.2) lib/active_support/tagged_logging.rb:68:in `tagged'
  railties (4.2.2) lib/rails/rack/logger.rb:20:in `call'
  actionpack (4.2.2) lib/action_dispatch/middleware/request_id.rb:21:in `call'
  rack (1.6.4) lib/rack/methodoverride.rb:22:in `call'
  rack (1.6.4) lib/rack/runtime.rb:18:in `call'
  activesupport (4.2.2) lib/active_support/cache/strategy/local_cache_middleware.rb:28:in `call'
  rack (1.6.4) lib/rack/lock.rb:17:in `call'
  actionpack (4.2.2) lib/action_dispatch/middleware/static.rb:113:in `call'
  rack (1.6.4) lib/rack/sendfile.rb:113:in `call'
  railties (4.2.2) lib/rails/engine.rb:518:in `call'
  railties (4.2.2) lib/rails/application.rb:164:in `call'
  rack (1.6.4) lib/rack/lock.rb:17:in `call'
  rack (1.6.4) lib/rack/content_length.rb:15:in `call'
  rack (1.6.4) lib/rack/handler/webrick.rb:88:in `service'
  /home/mikey/.rvm/rubies/ruby-2.2.1/lib/ruby/2.2.0/webrick/httpserver.rb:138:in `service'
  /home/mikey/.rvm/rubies/ruby-2.2.1/lib/ruby/2.2.0/webrick/httpserver.rb:94:in `run'
  /home/mikey/.rvm/rubies/ruby-2.2.1/lib/ruby/2.2.0/webrick/server.rb:294:in `block in start_thread'


  Rendered /home/mikey/.rvm/gems/ruby-2.2.1/gems/web-console-2.0.0.beta3/lib/action_dispatch/templates/rescues/_trace.html.erb (1.8ms)
  Rendered /home/mikey/.rvm/gems/ruby-2.2.1/gems/web-console-2.0.0.beta3/lib/action_dispatch/templates/rescues/routing_error.html.erb within rescues/layout (83.5ms)


Started GET "/root_path" for 127.0.0.1 at 2016-01-17 21:58:41 -0800

ActionController::RoutingError (No route matches [GET] "/root_path"):
  web-console (2.0.0.beta3) lib/action_dispatch/debug_exceptions.rb:22:in `middleware_call'
  web-console (2.0.0.beta3) lib/action_dispatch/debug_exceptions.rb:13:in `call'
  actionpack (4.2.2) lib/action_dispatch/middleware/show_exceptions.rb:30:in `call'
  railties (4.2.2) lib/rails/rack/logger.rb:38:in `call_app'
  railties (4.2.2) lib/rails/rack/logger.rb:20:in `block in call'
  activesupport (4.2.2) lib/active_support/tagged_logging.rb:68:in `block in tagged'
  activesupport (4.2.2) lib/active_support/tagged_logging.rb:26:in `tagged'
  activesupport (4.2.2) lib/active_support/tagged_logging.rb:68:in `tagged'
  railties (4.2.2) lib/rails/rack/logger.rb:20:in `call'
  actionpack (4.2.2) lib/action_dispatch/middleware/request_id.rb:21:in `call'
  rack (1.6.4) lib/rack/methodoverride.rb:22:in `call'
  rack (1.6.4) lib/rack/runtime.rb:18:in `call'
  activesupport (4.2.2) lib/active_support/cache/strategy/local_cache_middleware.rb:28:in `call'
  rack (1.6.4) lib/rack/lock.rb:17:in `call'
  actionpack (4.2.2) lib/action_dispatch/middleware/static.rb:113:in `call'
  rack (1.6.4) lib/rack/sendfile.rb:113:in `call'
  railties (4.2.2) lib/rails/engine.rb:518:in `call'
  railties (4.2.2) lib/rails/application.rb:164:in `call'
  rack (1.6.4) lib/rack/lock.rb:17:in `call'
  rack (1.6.4) lib/rack/content_length.rb:15:in `call'
  rack (1.6.4) lib/rack/handler/webrick.rb:88:in `service'
  /home/mikey/.rvm/rubies/ruby-2.2.1/lib/ruby/2.2.0/webrick/httpserver.rb:138:in `service'
  /home/mikey/.rvm/rubies/ruby-2.2.1/lib/ruby/2.2.0/webrick/httpserver.rb:94:in `run'
  /home/mikey/.rvm/rubies/ruby-2.2.1/lib/ruby/2.2.0/webrick/server.rb:294:in `block in start_thread'


  Rendered /home/mikey/.rvm/gems/ruby-2.2.1/gems/web-console-2.0.0.beta3/lib/action_dispatch/templates/rescues/_trace.html.erb (3.2ms)
  Rendered /home/mikey/.rvm/gems/ruby-2.2.1/gems/web-console-2.0.0.beta3/lib/action_dispatch/templates/rescues/routing_error.html.erb within rescues/layout (77.1ms)


Started GET "/" for 127.0.0.1 at 2016-01-17 21:59:15 -0800
Processing by StaticPagesController#home as HTML
  Rendered static_pages/home.html.erb within layouts/application (0.8ms)
  Rendered layouts/_shim.html.erb (0.1ms)
  Rendered layouts/_header.html.erb (6.1ms)
  Rendered layouts/_footer.html.erb (0.2ms)
Completed 200 OK in 117ms (Views: 106.2ms | ActiveRecord: 0.0ms)


Started GET "/" for 127.0.0.1 at 2016-01-17 21:59:17 -0800
Processing by StaticPagesController#home as HTML
  Rendered static_pages/home.html.erb within layouts/application (6.7ms)
  Rendered layouts/_shim.html.erb (0.3ms)
  Rendered layouts/_header.html.erb (7.8ms)
  Rendered layouts/_footer.html.erb (0.6ms)
Completed 200 OK in 97ms (Views: 96.0ms | ActiveRecord: 0.0ms)


Started GET "/" for 127.0.0.1 at 2016-01-17 21:59:19 -0800
Processing by StaticPagesController#home as HTML
  Rendered static_pages/home.html.erb within layouts/application (2.3ms)
  Rendered layouts/_shim.html.erb (0.0ms)
  Rendered layouts/_header.html.erb (9.2ms)
  Rendered layouts/_footer.html.erb (0.2ms)
Completed 200 OK in 75ms (Views: 75.0ms | ActiveRecord: 0.0ms)


Started GET "/" for 127.0.0.1 at 2016-01-17 21:59:21 -0800
Processing by StaticPagesController#home as HTML
  Rendered static_pages/home.html.erb within layouts/application (3.2ms)
  Rendered layouts/_shim.html.erb (0.0ms)
  Rendered layouts/_header.html.erb (0.2ms)
  Rendered layouts/_footer.html.erb (0.1ms)
Completed 200 OK in 51ms (Views: 48.0ms | ActiveRecord: 0.0ms)


Started GET "/help" for 127.0.0.1 at 2016-01-17 21:59:22 -0800
Processing by StaticPagesController#help as HTML
  Rendered static_pages/help.html.erb within layouts/application (0.3ms)
  Rendered layouts/_shim.html.erb (0.0ms)
  Rendered layouts/_header.html.erb (0.2ms)
  Rendered layouts/_footer.html.erb (0.0ms)
Completed 200 OK in 31ms (Views: 21.4ms | ActiveRecord: 0.0ms)


Started GET "/" for 127.0.0.1 at 2016-01-17 21:59:23 -0800
Processing by StaticPagesController#home as HTML
  Rendered static_pages/home.html.erb within layouts/application (0.6ms)
  Rendered layouts/_shim.html.erb (0.1ms)
  Rendered layouts/_header.html.erb (0.3ms)
  Rendered layouts/_footer.html.erb (0.1ms)
Completed 200 OK in 59ms (Views: 58.8ms | ActiveRecord: 0.0ms)


Started GET "/" for 127.0.0.1 at 2016-01-17 21:59:35 -0800
Processing by StaticPagesController#home as HTML
  Rendered static_pages/home.html.erb within layouts/application (8.9ms)
  Rendered layouts/_shim.html.erb (0.1ms)
  Rendered layouts/_header.html.erb (0.4ms)
  Rendered layouts/_footer.html.erb (0.2ms)
Completed 200 OK in 78ms (Views: 77.6ms | ActiveRecord: 0.0ms)


Started GET "/" for 127.0.0.1 at 2016-01-17 21:59:36 -0800
Processing by StaticPagesController#home as HTML
  Rendered static_pages/home.html.erb within layouts/application (0.8ms)
  Rendered layouts/_shim.html.erb (0.2ms)
  Rendered layouts/_header.html.erb (0.3ms)
  Rendered layouts/_footer.html.erb (0.1ms)
Completed 200 OK in 105ms (Views: 101.0ms | ActiveRecord: 0.0ms)


Started GET "/help" for 127.0.0.1 at 2016-01-17 21:59:36 -0800
Processing by StaticPagesController#help as HTML
  Rendered static_pages/help.html.erb within layouts/application (0.1ms)
  Rendered layouts/_shim.html.erb (0.0ms)
  Rendered layouts/_header.html.erb (0.4ms)
  Rendered layouts/_footer.html.erb (0.3ms)
Completed 200 OK in 55ms (Views: 54.5ms | ActiveRecord: 0.0ms)


Started GET "/" for 127.0.0.1 at 2016-01-17 21:59:38 -0800
Processing by StaticPagesController#home as HTML
  Rendered static_pages/home.html.erb within layouts/application (9.8ms)
  Rendered layouts/_shim.html.erb (0.0ms)
  Rendered layouts/_header.html.erb (0.2ms)
  Rendered layouts/_footer.html.erb (0.0ms)
Completed 200 OK in 90ms (Views: 89.3ms | ActiveRecord: 0.0ms)


Started GET "/" for 127.0.0.1 at 2016-01-17 22:00:12 -0800
Processing by StaticPagesController#home as HTML
  Rendered static_pages/home.html.erb within layouts/application (0.6ms)
  Rendered layouts/_shim.html.erb (0.1ms)
  Rendered layouts/_header.html.erb (3.2ms)
  Rendered layouts/_footer.html.erb (1.1ms)
Completed 200 OK in 93ms (Views: 92.3ms | ActiveRecord: 0.0ms)


Started GET "/about" for 127.0.0.1 at 2016-01-17 22:00:14 -0800
Processing by StaticPagesController#about as HTML
  Rendered static_pages/about.html.erb within layouts/application (2.6ms)
  Rendered layouts/_shim.html.erb (0.0ms)
  Rendered layouts/_header.html.erb (0.2ms)
  Rendered layouts/_footer.html.erb (0.4ms)
Completed 200 OK in 54ms (Views: 53.6ms | ActiveRecord: 0.0ms)


Started GET "/contact" for 127.0.0.1 at 2016-01-17 22:00:16 -0800
Processing by StaticPagesController#contact as HTML
  Rendered static_pages/contact.html.erb within layouts/application (0.8ms)
  Rendered layouts/_shim.html.erb (0.1ms)
  Rendered layouts/_header.html.erb (0.6ms)
  Rendered layouts/_footer.html.erb (0.2ms)
Completed 200 OK in 52ms (Views: 50.6ms | ActiveRecord: 0.0ms)


Started GET "/about" for 127.0.0.1 at 2016-01-17 22:00:21 -0800
Processing by StaticPagesController#about as HTML
  Rendered static_pages/about.html.erb within layouts/application (0.2ms)
  Rendered layouts/_shim.html.erb (0.1ms)
  Rendered layouts/_header.html.erb (0.2ms)
  Rendered layouts/_footer.html.erb (0.3ms)
Completed 200 OK in 38ms (Views: 36.9ms | ActiveRecord: 0.0ms)


Started GET "/contact" for 127.0.0.1 at 2016-01-17 22:00:23 -0800
Processing by StaticPagesController#contact as HTML
  Rendered static_pages/contact.html.erb within layouts/application (0.0ms)
  Rendered layouts/_shim.html.erb (0.1ms)
  Rendered layouts/_header.html.erb (0.4ms)
  Rendered layouts/_footer.html.erb (1.9ms)
Completed 200 OK in 30ms (Views: 29.4ms | ActiveRecord: 0.0ms)


Started GET "/" for 127.0.0.1 at 2016-01-17 22:00:24 -0800
Processing by StaticPagesController#home as HTML
  Rendered static_pages/home.html.erb within layouts/application (2.4ms)
  Rendered layouts/_shim.html.erb (0.1ms)
  Rendered layouts/_header.html.erb (0.6ms)
  Rendered layouts/_footer.html.erb (1.6ms)
Completed 200 OK in 74ms (Views: 71.4ms | ActiveRecord: 0.0ms)


Started GET "/" for 127.0.0.1 at 2016-01-17 22:14:21 -0800
Processing by StaticPagesController#home as HTML
  Rendered static_pages/home.html.erb within layouts/application (1709.9ms)
  Rendered layouts/_shim.html.erb (0.2ms)
  Rendered layouts/_header.html.erb (0.5ms)
  Rendered layouts/_footer.html.erb (0.3ms)
Completed 200 OK in 1897ms (Views: 1881.9ms | ActiveRecord: 0.0ms)


Started GET "/" for 127.0.0.1 at 2016-01-17 22:15:21 -0800
Processing by StaticPagesController#home as HTML
  Rendered static_pages/home.html.erb within layouts/application (1.1ms)
  Rendered layouts/_shim.html.erb (0.0ms)
  Rendered layouts/_header.html.erb (0.2ms)
  Rendered layouts/_footer.html.erb (0.1ms)
Completed 200 OK in 67ms (Views: 66.8ms | ActiveRecord: 0.0ms)


Started GET "/signup" for 127.0.0.1 at 2016-01-17 22:15:24 -0800
Processing by UsersController#new as HTML
  Rendered users/new.html.erb within layouts/application (1.1ms)
  Rendered layouts/_shim.html.erb (0.3ms)
  Rendered layouts/_header.html.erb (3.2ms)
  Rendered layouts/_footer.html.erb (0.6ms)
Completed 200 OK in 124ms (Views: 122.7ms | ActiveRecord: 0.0ms)


Started GET "/signup" for 127.0.0.1 at 2016-01-17 22:16:21 -0800
Processing by UsersController#new as HTML
  Rendered users/new.html.erb within layouts/application (0.3ms)
  Rendered layouts/_shim.html.erb (0.1ms)
  Rendered layouts/_header.html.erb (1.4ms)
  Rendered layouts/_footer.html.erb (0.3ms)
Completed 200 OK in 137ms (Views: 136.8ms | ActiveRecord: 0.0ms)
  [1m[36m (20.3ms)[0m  [1mCREATE TABLE "schema_migrations" ("version" varchar NOT NULL) [0m
  [1m[35m (0.1ms)[0m  select sqlite_version(*)
  [1m[36m (5.3ms)[0m  [1mCREATE UNIQUE INDEX "unique_schema_migrations" ON "schema_migrations" ("version")[0m
  [1m[35mActiveRecord::SchemaMigration Load (0.1ms)[0m  SELECT "schema_migrations".* FROM "schema_migrations"
Migrating to CreateUsers (20160119063847)
  [1m[36m (0.1ms)[0m  [1mbegin transaction[0m
  [1m[35m (1.3ms)[0m  CREATE TABLE "users" ("id" INTEGER PRIMARY KEY AUTOINCREMENT NOT NULL, "name" varchar, "email" varchar, "created_at" datetime NOT NULL, "updated_at" datetime NOT NULL) 
  [1m[36mSQL (0.7ms)[0m  [1mINSERT INTO "schema_migrations" ("version") VALUES (?)[0m  [["version", "20160119063847"]]
  [1m[35m (6.5ms)[0m  commit transaction
  [1m[36mActiveRecord::SchemaMigration Load (0.1ms)[0m  [1mSELECT "schema_migrations".* FROM "schema_migrations"[0m
  [1m[36m (2.9ms)[0m  [1mbegin transaction[0m
  [1m[35m (1.4ms)[0m  SAVEPOINT active_record_1
  [1m[36mSQL (1.4ms)[0m  [1mINSERT INTO "users" ("name", "email", "created_at", "updated_at") VALUES (?, ?, ?, ?)[0m  [["name", "Michael"], ["email", "Mikey@mail.com"], ["created_at", "2016-01-19 06:59:07.688627"], ["updated_at", "2016-01-19 06:59:07.688627"]]
  [1m[35m (0.1ms)[0m  RELEASE SAVEPOINT active_record_1
  [1m[36mActiveRecord::SchemaMigration Load (0.3ms)[0m  [1mSELECT "schema_migrations".* FROM "schema_migrations"[0m
Migrating to AddIndexToUsersEmail (20160120021931)
  [1m[35m (0.1ms)[0m  begin transaction
  [1m[36m (0.0ms)[0m  [1mselect sqlite_version(*)[0m
  [1m[35m (0.2ms)[0m  CREATE UNIQUE INDEX "index_users_on_email" ON "users" ("email")
  [1m[36mSQL (0.1ms)[0m  [1mINSERT INTO "schema_migrations" ("version") VALUES (?)[0m  [["version", "20160120021931"]]
  [1m[35m (36.0ms)[0m  commit transaction
  [1m[36mActiveRecord::SchemaMigration Load (0.1ms)[0m  [1mSELECT "schema_migrations".* FROM "schema_migrations"[0m
  [1m[35m (0.1ms)[0m              SELECT sql
            FROM sqlite_master
            WHERE name='index_users_on_email' AND type='index'
            UNION ALL
            SELECT sql
            FROM sqlite_temp_master
            WHERE name='index_users_on_email' AND type='index'

  [1m[36mActiveRecord::SchemaMigration Load (0.1ms)[0m  [1mSELECT "schema_migrations".* FROM "schema_migrations"[0m
Migrating to AddPasswordDigestToUsers (20160120030653)
  [1m[35m (0.0ms)[0m  begin transaction
  [1m[36m (0.2ms)[0m  [1mALTER TABLE "users" ADD "password_digest" varchar[0m
  [1m[35mSQL (0.1ms)[0m  INSERT INTO "schema_migrations" ("version") VALUES (?)  [["version", "20160120030653"]]
  [1m[36m (15.7ms)[0m  [1mcommit transaction[0m
  [1m[35mActiveRecord::SchemaMigration Load (0.1ms)[0m  SELECT "schema_migrations".* FROM "schema_migrations"
  [1m[36m (0.1ms)[0m  [1m            SELECT sql
            FROM sqlite_master
            WHERE name='index_users_on_email' AND type='index'
            UNION ALL
            SELECT sql
            FROM sqlite_temp_master
            WHERE name='index_users_on_email' AND type='index'
[0m
  [1m[36m (0.1ms)[0m  [1mbegin transaction[0m
  [1m[35mUser Exists (0.1ms)[0m  SELECT  1 AS one FROM "users" WHERE LOWER("users"."email") = LOWER('mcaronan@gmail.com') LIMIT 1
  [1m[36mSQL (0.2ms)[0m  [1mINSERT INTO "users" ("name", "email", "password_digest", "created_at", "updated_at") VALUES (?, ?, ?, ?, ?)[0m  [["name", "Michael Caronan"], ["email", "mcaronan@gmail.com"], ["password_digest", "$2a$10$kavt7NmnfLp7WtBaLuPSwO6PPk9Hy0YgJtywpnfFOhx226yStkLoe"], ["created_at", "2016-01-20 03:22:35.000812"], ["updated_at", "2016-01-20 03:22:35.000812"]]
  [1m[35m (22.5ms)[0m  commit transaction


Started GET "/" for 127.0.0.1 at 2016-01-24 20:06:13 -0800
  [1m[36mActiveRecord::SchemaMigration Load (0.3ms)[0m  [1mSELECT "schema_migrations".* FROM "schema_migrations"[0m
Processing by StaticPagesController#home as HTML
  Rendered static_pages/home.html.erb within layouts/application (14348.3ms)
Completed 500 Internal Server Error in 14428ms (ActiveRecord: 0.0ms)

Sass::SyntaxError (Invalid CSS after ".": expected class name, was "."):
  app/assets/stylesheets/custom.css.scss:105
  app/views/static_pages/home.html.erb:13:in `_app_views_static_pages_home_html_erb__815802838395359164_70271913013520'


  Rendered /home/mikey/.rvm/gems/ruby-2.2.1/gems/web-console-2.0.0.beta3/lib/action_dispatch/templates/rescues/_source.erb (14.8ms)
  Rendered /home/mikey/.rvm/gems/ruby-2.2.1/gems/web-console-2.0.0.beta3/lib/action_dispatch/templates/rescues/_trace.html.erb (6.2ms)
  Rendered /home/mikey/.rvm/gems/ruby-2.2.1/gems/web-console-2.0.0.beta3/lib/action_dispatch/templates/rescues/_request_and_response.html.erb (2.1ms)
  Rendered /home/mikey/.rvm/gems/ruby-2.2.1/gems/web-console-2.0.0.beta3/lib/action_dispatch/templates/rescues/_web_console.html.erb (4.8ms)
  Rendered /home/mikey/.rvm/gems/ruby-2.2.1/gems/web-console-2.0.0.beta3/lib/action_dispatch/templates/rescues/diagnostics.html.erb within rescues/layout (104.1ms)


Started GET "/" for 127.0.0.1 at 2016-01-24 20:07:11 -0800
Processing by StaticPagesController#home as HTML
  Rendered static_pages/home.html.erb within layouts/application (3916.1ms)
  Rendered layouts/_shim.html.erb (0.6ms)
  Rendered layouts/_header.html.erb (7.8ms)
  Rendered layouts/_footer.html.erb (1.9ms)
Completed 200 OK in 4409ms (Views: 4399.4ms | ActiveRecord: 0.0ms)


Started GET "/assets/custom.self-37ef56224eaec2774009000db7b4d50ec9512604deceab92a182c56a3d1b08da.css?body=1" for 127.0.0.1 at 2016-01-24 20:07:16 -0800


Started GET "/help" for 127.0.0.1 at 2016-01-24 20:07:20 -0800
Processing by StaticPagesController#help as HTML
  Rendered static_pages/help.html.erb within layouts/application (0.8ms)
  Rendered layouts/_shim.html.erb (0.2ms)
  Rendered layouts/_header.html.erb (0.8ms)
  Rendered layouts/_footer.html.erb (0.7ms)
Completed 200 OK in 93ms (Views: 92.4ms | ActiveRecord: 0.0ms)


Started GET "/" for 127.0.0.1 at 2016-01-24 20:07:24 -0800
Processing by StaticPagesController#home as HTML
  Rendered static_pages/home.html.erb within layouts/application (19.3ms)
  Rendered layouts/_shim.html.erb (0.1ms)
  Rendered layouts/_header.html.erb (0.3ms)
  Rendered layouts/_footer.html.erb (0.2ms)
Completed 200 OK in 167ms (Views: 162.6ms | ActiveRecord: 0.0ms)


Started GET "/contact" for 127.0.0.1 at 2016-01-24 20:07:27 -0800
Processing by StaticPagesController#contact as HTML
  Rendered static_pages/contact.html.erb within layouts/application (0.9ms)
  Rendered layouts/_shim.html.erb (0.1ms)
  Rendered layouts/_header.html.erb (0.3ms)
  Rendered layouts/_footer.html.erb (0.2ms)
Completed 200 OK in 179ms (Views: 178.9ms | ActiveRecord: 0.0ms)
  [1m[36m (0.1ms)[0m  [1mSELECT COUNT(*) FROM "users"[0m
  [1m[35mUser Load (0.2ms)[0m  SELECT  "users".* FROM "users"  ORDER BY "users"."id" ASC LIMIT 1


Started GET "/users/1" for 127.0.0.1 at 2016-01-24 20:19:28 -0800
  [1m[36mActiveRecord::SchemaMigration Load (0.1ms)[0m  [1mSELECT "schema_migrations".* FROM "schema_migrations"[0m
Processing by UsersController#show as HTML
  Parameters: {"id"=>"1"}
  [1m[35mUser Load (0.3ms)[0m  SELECT  "users".* FROM "users" WHERE "users"."id" = ? LIMIT 1  [["id", 1]]
  Rendered users/show.html.erb within layouts/application (4.4ms)
  Rendered layouts/_shim.html.erb (1.1ms)
  Rendered layouts/_header.html.erb (3.6ms)
  Rendered layouts/_footer.html.erb (6.9ms)
Completed 200 OK in 1320ms (Views: 1186.0ms | ActiveRecord: 0.7ms)


Started GET "/users/1" for 127.0.0.1 at 2016-01-24 20:20:40 -0800
Processing by UsersController#show as HTML
  Parameters: {"id"=>"1"}
  [1m[36mUser Load (0.1ms)[0m  [1mSELECT  "users".* FROM "users" WHERE "users"."id" = ? LIMIT 1[0m  [["id", 1]]
  Rendered users/show.html.erb within layouts/application (0.3ms)
  Rendered layouts/_shim.html.erb (0.5ms)
  Rendered layouts/_header.html.erb (1.1ms)
  Rendered layouts/_footer.html.erb (0.5ms)
Completed 200 OK in 50139ms (Views: 351.9ms | ActiveRecord: 0.5ms)


Started GET "/users/1" for 127.0.0.1 at 2016-01-24 20:23:41 -0800
Processing by UsersController#show as HTML
  Parameters: {"id"=>"1"}
  [1m[35mUser Load (1.8ms)[0m  SELECT  "users".* FROM "users" WHERE "users"."id" = ? LIMIT 1  [["id", 1]]
  Rendered users/show.html.erb within layouts/application (136.8ms)
Completed 500 Internal Server Error in 270ms (ActiveRecord: 6.3ms)

NoMethodError (undefined method `gravatar_for' for #<#<Class:0x007fe4efe8d830>:0x007fe4efe9b958>):
  app/views/users/show.html.erb:3:in `_app_views_users_show_html_erb___298341308154009525_70310627185900'


  Rendered /home/mikey/.rvm/gems/ruby-2.2.1/gems/web-console-2.0.0.beta3/lib/action_dispatch/templates/rescues/_source.erb (96.3ms)
  Rendered /home/mikey/.rvm/gems/ruby-2.2.1/gems/web-console-2.0.0.beta3/lib/action_dispatch/templates/rescues/_trace.html.erb (43.4ms)
  Rendered /home/mikey/.rvm/gems/ruby-2.2.1/gems/web-console-2.0.0.beta3/lib/action_dispatch/templates/rescues/_request_and_response.html.erb (6.2ms)
  Rendered /home/mikey/.rvm/gems/ruby-2.2.1/gems/web-console-2.0.0.beta3/lib/action_dispatch/templates/rescues/_web_console.html.erb (13.6ms)
  Rendered /home/mikey/.rvm/gems/ruby-2.2.1/gems/web-console-2.0.0.beta3/lib/action_dispatch/templates/rescues/diagnostics.html.erb within rescues/layout (270.0ms)


Started GET "/users/1" for 127.0.0.1 at 2016-01-24 20:27:26 -0800
Processing by UsersController#show as HTML
  Parameters: {"id"=>"1"}
  [1m[36mUser Load (0.4ms)[0m  [1mSELECT  "users".* FROM "users" WHERE "users"."id" = ? LIMIT 1[0m  [["id", 1]]
  Rendered users/show.html.erb within layouts/application (7.4ms)
  Rendered layouts/_shim.html.erb (0.7ms)
  Rendered layouts/_header.html.erb (1.9ms)
  Rendered layouts/_footer.html.erb (3.4ms)
Completed 200 OK in 458ms (Views: 382.6ms | ActiveRecord: 1.5ms)
  [1m[36mUser Load (0.2ms)[0m  [1mSELECT  "users".* FROM "users"  ORDER BY "users"."id" ASC LIMIT 1[0m
  [1m[35m (0.1ms)[0m  begin transaction
  [1m[36mUser Exists (0.2ms)[0m  [1mSELECT  1 AS one FROM "users" WHERE (LOWER("users"."email") = LOWER('example@railstutorial.org)
exit
') AND "users"."id" != 1) LIMIT 1[0m
  [1m[35m (0.2ms)[0m  rollback transaction
  [1m[36m (0.2ms)[0m  [1mbegin transaction[0m
  [1m[35mUser Exists (0.3ms)[0m  SELECT  1 AS one FROM "users" WHERE (LOWER("users"."email") = LOWER('example@railstutorial.org') AND "users"."id" != 1) LIMIT 1
  [1m[36m (0.1ms)[0m  [1mrollback transaction[0m
  [1m[35m (0.1ms)[0m  begin transaction
  [1m[36mUser Exists (0.2ms)[0m  [1mSELECT  1 AS one FROM "users" WHERE (LOWER("users"."email") = LOWER('example@railstutorial.org') AND "users"."id" != 1) LIMIT 1[0m
  [1m[35mSQL (0.4ms)[0m  UPDATE "users" SET "email" = ?, "name" = ?, "password_digest" = ?, "updated_at" = ? WHERE "users"."id" = ?  [["email", "example@railstutorial.org"], ["name", "Example User"], ["password_digest", "$2a$10$eV9ERXAjwNVhvnYMvOMpj.R4kDRaogfyUU3kWlScWNIG7YVqfI1lq"], ["updated_at", "2016-01-25 04:31:35.899308"], ["id", 1]]
  [1m[36m (51.1ms)[0m  [1mcommit transaction[0m


Started GET "/users/1" for 127.0.0.1 at 2016-01-24 20:31:57 -0800
  [1m[36mActiveRecord::SchemaMigration Load (0.2ms)[0m  [1mSELECT "schema_migrations".* FROM "schema_migrations"[0m
Processing by UsersController#show as HTML
  Parameters: {"id"=>"1"}
  [1m[35mUser Load (5.9ms)[0m  SELECT  "users".* FROM "users" WHERE "users"."id" = ? LIMIT 1  [["id", 1]]
  Rendered users/show.html.erb within layouts/application (1.9ms)
  Rendered layouts/_shim.html.erb (0.6ms)
  Rendered layouts/_header.html.erb (5.9ms)
  Rendered layouts/_footer.html.erb (0.8ms)
Completed 200 OK in 1734ms (Views: 1584.0ms | ActiveRecord: 15.1ms)


Started GET "/users/1" for 127.0.0.1 at 2016-01-24 20:36:08 -0800
Processing by UsersController#show as HTML
  Parameters: {"id"=>"1"}
  [1m[36mUser Load (1.6ms)[0m  [1mSELECT  "users".* FROM "users" WHERE "users"."id" = ? LIMIT 1[0m  [["id", 1]]
  Rendered users/show.html.erb within layouts/application (0.7ms)
  Rendered layouts/_shim.html.erb (0.0ms)
  Rendered layouts/_header.html.erb (0.2ms)
  Rendered layouts/_footer.html.erb (0.1ms)
Completed 200 OK in 3799ms (Views: 3793.7ms | ActiveRecord: 1.6ms)


Started GET "/assets/custom.self-417402ae677f4b05560cb386b46e82147c681fb54a6bbac8cf25e088213c2f49.css?body=1" for 127.0.0.1 at 2016-01-24 20:36:12 -0800
  [1m[36m (14.7ms)[0m  [1mCREATE TABLE "schema_migrations" ("version" varchar NOT NULL) [0m
  [1m[35m (0.3ms)[0m  select sqlite_version(*)
  [1m[36m (9.6ms)[0m  [1mCREATE UNIQUE INDEX "unique_schema_migrations" ON "schema_migrations" ("version")[0m
  [1m[35mActiveRecord::SchemaMigration Load (0.2ms)[0m  SELECT "schema_migrations".* FROM "schema_migrations"
Migrating to CreateUsers (20160119063847)
  [1m[36m (0.3ms)[0m  [1mbegin transaction[0m
  [1m[35m (0.4ms)[0m  CREATE TABLE "users" ("id" INTEGER PRIMARY KEY AUTOINCREMENT NOT NULL, "name" varchar, "email" varchar, "created_at" datetime NOT NULL, "updated_at" datetime NOT NULL) 
  [1m[36mSQL (0.6ms)[0m  [1mINSERT INTO "schema_migrations" ("version") VALUES (?)[0m  [["version", "20160119063847"]]
  [1m[35m (17.9ms)[0m  commit transaction
Migrating to AddIndexToUsersEmail (20160120021931)
  [1m[36m (0.1ms)[0m  [1mbegin transaction[0m
  [1m[35m (0.1ms)[0m  CREATE UNIQUE INDEX "index_users_on_email" ON "users" ("email")
  [1m[36mSQL (0.1ms)[0m  [1mINSERT INTO "schema_migrations" ("version") VALUES (?)[0m  [["version", "20160120021931"]]
  [1m[35m (7.3ms)[0m  commit transaction
Migrating to AddPasswordDigestToUsers (20160120030653)
  [1m[36m (0.2ms)[0m  [1mbegin transaction[0m
  [1m[35m (0.4ms)[0m  ALTER TABLE "users" ADD "password_digest" varchar
  [1m[36mSQL (0.2ms)[0m  [1mINSERT INTO "schema_migrations" ("version") VALUES (?)[0m  [["version", "20160120030653"]]
  [1m[35m (8.7ms)[0m  commit transaction
  [1m[36mActiveRecord::SchemaMigration Load (0.1ms)[0m  [1mSELECT "schema_migrations".* FROM "schema_migrations"[0m
  [1m[35m (0.1ms)[0m              SELECT sql
            FROM sqlite_master
            WHERE name='index_users_on_email' AND type='index'
            UNION ALL
            SELECT sql
            FROM sqlite_temp_master
            WHERE name='index_users_on_email' AND type='index'



Started GET "/signup" for 127.0.0.1 at 2016-01-24 20:40:33 -0800
  [1m[36mActiveRecord::SchemaMigration Load (0.2ms)[0m  [1mSELECT "schema_migrations".* FROM "schema_migrations"[0m
Processing by UsersController#new as HTML
  Rendered users/new.html.erb within layouts/application (975.9ms)
  Rendered layouts/_shim.html.erb (1.2ms)
  Rendered layouts/_header.html.erb (1.0ms)
  Rendered layouts/_footer.html.erb (0.6ms)
Completed 200 OK in 7104ms (Views: 7028.2ms | ActiveRecord: 12.7ms)


Started GET "/assets/custom.self-9e6129016f8c3aee5937070e37ae81942336f0c1c5f76b610fb347e94aff997f.css?body=1" for 127.0.0.1 at 2016-01-24 20:40:41 -0800


Started GET "/signup" for 127.0.0.1 at 2016-01-24 20:49:39 -0800
  [1m[36mActiveRecord::SchemaMigration Load (0.3ms)[0m  [1mSELECT "schema_migrations".* FROM "schema_migrations"[0m
Processing by UsersController#new as HTML
  Rendered users/new.html.erb within layouts/application (1040.2ms)
  Rendered layouts/_shim.html.erb (0.3ms)
  Rendered layouts/_header.html.erb (0.5ms)
  Rendered layouts/_footer.html.erb (2.3ms)
Completed 200 OK in 1793ms (Views: 1657.1ms | ActiveRecord: 2.4ms)


Started POST "/users" for 127.0.0.1 at 2016-01-24 20:50:23 -0800
Processing by UsersController#create as HTML
  Parameters: {"utf8"=>"✓", "authenticity_token"=>"srm6rBbxzIuZx4Lw+4TevpQ3nQ5xrCYrpwE4uCvcELCsjsoPym6ewai79uRe2aKArkY/3fyt+ba4HOf9ozR1Ng==", "user"=>{"name"=>"Example User", "email"=>"example@railstutorial.org", "password"=>"[FILTERED]", "password_confirmation"=>"[FILTERED]"}, "commit"=>"Create my account"}
  [1m[35m (0.2ms)[0m  begin transaction
  [1m[36mUser Exists (1.1ms)[0m  [1mSELECT  1 AS one FROM "users" WHERE LOWER("users"."email") = LOWER('example@railstutorial.org') LIMIT 1[0m
  [1m[35mSQL (0.4ms)[0m  INSERT INTO "users" ("name", "email", "password_digest", "created_at", "updated_at") VALUES (?, ?, ?, ?, ?)  [["name", "Example User"], ["email", "example@railstutorial.org"], ["password_digest", "$2a$10$/bPPGnKc3XVDGPV4EiosP.cwS.Y9IQySY5Jdo1rK/n4Y5oV9HT6SC"], ["created_at", "2016-01-25 04:50:23.682022"], ["updated_at", "2016-01-25 04:50:23.682022"]]
  [1m[36m (16.3ms)[0m  [1mcommit transaction[0m
Redirected to 
Completed 500 Internal Server Error in 275ms (ActiveRecord: 18.0ms)

NoMethodError (undefined method `show_url' for #<UsersController:0x007f40ef0d44b8>):
  app/controllers/users_controller.rb:13:in `create'


  Rendered /home/mikey/.rvm/gems/ruby-2.2.1/gems/web-console-2.0.0.beta3/lib/action_dispatch/templates/rescues/_source.erb (6.1ms)
  Rendered /home/mikey/.rvm/gems/ruby-2.2.1/gems/web-console-2.0.0.beta3/lib/action_dispatch/templates/rescues/_trace.html.erb (5.4ms)
  Rendered /home/mikey/.rvm/gems/ruby-2.2.1/gems/web-console-2.0.0.beta3/lib/action_dispatch/templates/rescues/_request_and_response.html.erb (10.5ms)
  Rendered /home/mikey/.rvm/gems/ruby-2.2.1/gems/web-console-2.0.0.beta3/lib/action_dispatch/templates/rescues/_web_console.html.erb (1.4ms)
  Rendered /home/mikey/.rvm/gems/ruby-2.2.1/gems/web-console-2.0.0.beta3/lib/action_dispatch/templates/rescues/diagnostics.html.erb within rescues/layout (132.4ms)


Started GET "/users/1" for 127.0.0.1 at 2016-01-24 20:51:10 -0800
Processing by UsersController#show as HTML
  Parameters: {"id"=>"1"}
  [1m[35mUser Load (2.1ms)[0m  SELECT  "users".* FROM "users" WHERE "users"."id" = ? LIMIT 1  [["id", 1]]
  Rendered users/show.html.erb within layouts/application (0.9ms)
  Rendered layouts/_shim.html.erb (0.1ms)
  Rendered layouts/_header.html.erb (1.0ms)
  Rendered layouts/_footer.html.erb (0.6ms)
Completed 200 OK in 116ms (Views: 79.4ms | ActiveRecord: 2.1ms)


Started GET "/users/2" for 127.0.0.1 at 2016-01-24 20:51:15 -0800
Processing by UsersController#show as HTML
  Parameters: {"id"=>"2"}
  [1m[36mUser Load (0.1ms)[0m  [1mSELECT  "users".* FROM "users" WHERE "users"."id" = ? LIMIT 1[0m  [["id", 2]]
Completed 404 Not Found in 5ms (ActiveRecord: 0.1ms)

ActiveRecord::RecordNotFound (Couldn't find User with 'id'=2):
  app/controllers/users_controller.rb:7:in `show'


  Rendered /home/mikey/.rvm/gems/ruby-2.2.1/gems/web-console-2.0.0.beta3/lib/action_dispatch/templates/rescues/_source.erb (145.3ms)
  Rendered /home/mikey/.rvm/gems/ruby-2.2.1/gems/web-console-2.0.0.beta3/lib/action_dispatch/templates/rescues/_trace.html.erb (11.4ms)
  Rendered /home/mikey/.rvm/gems/ruby-2.2.1/gems/web-console-2.0.0.beta3/lib/action_dispatch/templates/rescues/_request_and_response.html.erb (0.8ms)
  Rendered /home/mikey/.rvm/gems/ruby-2.2.1/gems/web-console-2.0.0.beta3/lib/action_dispatch/templates/rescues/_web_console.html.erb (0.9ms)
  Rendered /home/mikey/.rvm/gems/ruby-2.2.1/gems/web-console-2.0.0.beta3/lib/action_dispatch/templates/rescues/diagnostics.html.erb within rescues/layout (216.9ms)


Started GET "/signup" for 127.0.0.1 at 2016-01-24 20:51:22 -0800
Processing by UsersController#new as HTML
  Rendered users/new.html.erb within layouts/application (11.6ms)
  Rendered layouts/_shim.html.erb (0.1ms)
  Rendered layouts/_header.html.erb (0.3ms)
  Rendered layouts/_footer.html.erb (0.2ms)
Completed 200 OK in 190ms (Views: 188.5ms | ActiveRecord: 0.0ms)


Started POST "/users" for 127.0.0.1 at 2016-01-24 20:51:58 -0800
Processing by UsersController#create as HTML
  Parameters: {"utf8"=>"✓", "authenticity_token"=>"gZ+KEG1DSR6qHhFuzCF7Nax9E1ryUIxd5zZi6zCJVBKfqPqzsdwbVJtiZXppfAcLlgyxiX9RU8D4K72uuGExlA==", "user"=>{"name"=>"tutorial sample", "email"=>"someexample@railstutorial.org", "password"=>"[FILTERED]", "password_confirmation"=>"[FILTERED]"}, "commit"=>"Create my account"}
  [1m[35m (0.7ms)[0m  begin transaction
  [1m[36mUser Exists (0.5ms)[0m  [1mSELECT  1 AS one FROM "users" WHERE LOWER("users"."email") = LOWER('someexample@railstutorial.org') LIMIT 1[0m
  [1m[35mSQL (0.6ms)[0m  INSERT INTO "users" ("name", "email", "password_digest", "created_at", "updated_at") VALUES (?, ?, ?, ?, ?)  [["name", "tutorial sample"], ["email", "someexample@railstutorial.org"], ["password_digest", "$2a$10$DM4LiIP8u.xM/8t2Su.kP.3tLYZaXa2AP40XUPUO210eMzPdHtIBy"], ["created_at", "2016-01-25 04:51:59.136401"], ["updated_at", "2016-01-25 04:51:59.136401"]]
  [1m[36m (86.5ms)[0m  [1mcommit transaction[0m
Redirected to 
Completed 500 Internal Server Error in 301ms (ActiveRecord: 88.4ms)

NoMethodError (undefined method `show_url' for #<UsersController:0x007f40ee784980>):
  app/controllers/users_controller.rb:13:in `create'


  Rendered /home/mikey/.rvm/gems/ruby-2.2.1/gems/web-console-2.0.0.beta3/lib/action_dispatch/templates/rescues/_source.erb (61.1ms)
  Rendered /home/mikey/.rvm/gems/ruby-2.2.1/gems/web-console-2.0.0.beta3/lib/action_dispatch/templates/rescues/_trace.html.erb (3.3ms)
  Rendered /home/mikey/.rvm/gems/ruby-2.2.1/gems/web-console-2.0.0.beta3/lib/action_dispatch/templates/rescues/_request_and_response.html.erb (5.2ms)
  Rendered /home/mikey/.rvm/gems/ruby-2.2.1/gems/web-console-2.0.0.beta3/lib/action_dispatch/templates/rescues/_web_console.html.erb (19.7ms)
  Rendered /home/mikey/.rvm/gems/ruby-2.2.1/gems/web-console-2.0.0.beta3/lib/action_dispatch/templates/rescues/diagnostics.html.erb within rescues/layout (208.9ms)


Started GET "/signup" for 127.0.0.1 at 2016-01-24 20:52:39 -0800

SyntaxError (/home/mikey/the_odin_project/rails_project/sample_app/app/controllers/users_controller.rb:13: syntax error, unexpected tINTEGER, expecting keyword_end):
  app/controllers/users_controller.rb:13: syntax error, unexpected tINTEGER, expecting keyword_end


  Rendered /home/mikey/.rvm/gems/ruby-2.2.1/gems/web-console-2.0.0.beta3/lib/action_dispatch/templates/rescues/_source.erb (25.1ms)
  Rendered /home/mikey/.rvm/gems/ruby-2.2.1/gems/web-console-2.0.0.beta3/lib/action_dispatch/templates/rescues/_trace.html.erb (24.8ms)
  Rendered /home/mikey/.rvm/gems/ruby-2.2.1/gems/web-console-2.0.0.beta3/lib/action_dispatch/templates/rescues/_request_and_response.html.erb (9.3ms)
  Rendered /home/mikey/.rvm/gems/ruby-2.2.1/gems/web-console-2.0.0.beta3/lib/action_dispatch/templates/rescues/_web_console.html.erb (4.5ms)
  Rendered /home/mikey/.rvm/gems/ruby-2.2.1/gems/web-console-2.0.0.beta3/lib/action_dispatch/templates/rescues/diagnostics.html.erb within rescues/layout (100.5ms)


Started GET "/users/2" for 127.0.0.1 at 2016-01-24 20:53:26 -0800

SyntaxError (/home/mikey/the_odin_project/rails_project/sample_app/app/controllers/users_controller.rb:13: syntax error, unexpected tINTEGER, expecting keyword_end):
  app/controllers/users_controller.rb:13: syntax error, unexpected tINTEGER, expecting keyword_end


  Rendered /home/mikey/.rvm/gems/ruby-2.2.1/gems/web-console-2.0.0.beta3/lib/action_dispatch/templates/rescues/_source.erb (36.1ms)
  Rendered /home/mikey/.rvm/gems/ruby-2.2.1/gems/web-console-2.0.0.beta3/lib/action_dispatch/templates/rescues/_trace.html.erb (1.3ms)
  Rendered /home/mikey/.rvm/gems/ruby-2.2.1/gems/web-console-2.0.0.beta3/lib/action_dispatch/templates/rescues/_request_and_response.html.erb (0.8ms)
  Rendered /home/mikey/.rvm/gems/ruby-2.2.1/gems/web-console-2.0.0.beta3/lib/action_dispatch/templates/rescues/_web_console.html.erb (1.1ms)
  Rendered /home/mikey/.rvm/gems/ruby-2.2.1/gems/web-console-2.0.0.beta3/lib/action_dispatch/templates/rescues/diagnostics.html.erb within rescues/layout (78.7ms)


Started GET "/users/2" for 127.0.0.1 at 2016-01-24 20:53:40 -0800
Processing by UsersController#show as HTML
  Parameters: {"id"=>"2"}
  [1m[35mUser Load (0.3ms)[0m  SELECT  "users".* FROM "users" WHERE "users"."id" = ? LIMIT 1  [["id", 2]]
  Rendered users/show.html.erb within layouts/application (0.3ms)
  Rendered layouts/_shim.html.erb (0.0ms)
  Rendered layouts/_header.html.erb (0.3ms)
  Rendered layouts/_footer.html.erb (0.1ms)
Completed 200 OK in 128ms (Views: 84.6ms | ActiveRecord: 17.5ms)


Started PUT "/users/console/repl_sessions/5" for 127.0.0.1 at 2016-01-24 20:53:40 -0800


Started GET "/" for 127.0.0.1 at 2016-01-26 17:59:46 -0800
  [1m[36mActiveRecord::SchemaMigration Load (0.1ms)[0m  [1mSELECT "schema_migrations".* FROM "schema_migrations"[0m
Processing by StaticPagesController#home as HTML
  Rendered static_pages/home.html.erb within layouts/application (2548.5ms)
  Rendered layouts/_shim.html.erb (0.4ms)
  Rendered layouts/_header.html.erb (0.6ms)
  Rendered layouts/_footer.html.erb (0.4ms)
Completed 200 OK in 2675ms (Views: 2657.8ms | ActiveRecord: 0.0ms)


Started GET "/" for 127.0.0.1 at 2016-01-26 17:59:49 -0800
Processing by StaticPagesController#home as HTML
  Rendered static_pages/home.html.erb within layouts/application (1.2ms)
  Rendered layouts/_shim.html.erb (0.3ms)
  Rendered layouts/_header.html.erb (0.5ms)
  Rendered layouts/_footer.html.erb (0.4ms)
Completed 200 OK in 91ms (Views: 90.5ms | ActiveRecord: 0.0ms)


Started GET "/assets/custom.self-2227517222b7da9082f1af02b77e0d96efed2004c451e39cc5dc25ccfb246311.css?body=1" for 127.0.0.1 at 2016-01-26 17:59:49 -0800


Started GET "/signup" for 127.0.0.1 at 2016-01-26 17:59:51 -0800
Processing by UsersController#new as HTML
  Rendered shared/_error_messages.html.erb (3.8ms)
  Rendered users/new.html.erb within layouts/application (342.7ms)
  Rendered layouts/_shim.html.erb (0.0ms)
  Rendered layouts/_header.html.erb (0.2ms)
  Rendered layouts/_footer.html.erb (0.2ms)
Completed 200 OK in 412ms (Views: 400.0ms | ActiveRecord: 0.4ms)


Started POST "/users" for 127.0.0.1 at 2016-01-26 17:59:54 -0800
Processing by UsersController#create as HTML
  Parameters: {"utf8"=>"✓", "authenticity_token"=>"P05XXMAYC2A6R3FnG6Pze8iXDfD9B6FY6tk6LAx1TQAheSf/HIdZKgs7BXO+/o9F8uavI3AGfsX1xOVphJ0ohg==", "user"=>{"name"=>"", "email"=>"", "password"=>"[FILTERED]", "password_confirmation"=>"[FILTERED]"}, "commit"=>"Create my account"}
  [1m[35m (0.1ms)[0m  begin transaction
  [1m[36mUser Exists (0.2ms)[0m  [1mSELECT  1 AS one FROM "users" WHERE LOWER("users"."email") = LOWER('') LIMIT 1[0m
  [1m[35m (0.0ms)[0m  rollback transaction
Completed 500 Internal Server Error in 56ms (ActiveRecord: 0.4ms)

ActionView::MissingTemplate (Missing template users/create, application/create with {:locale=>[:en], :formats=>[:html], :variants=>[], :handlers=>[:erb, :builder, :raw, :ruby, :coffee, :jbuilder]}. Searched in:
  * "/home/mikey/.rvm/gems/ruby-2.2.1/gems/web-console-2.0.0.beta3/lib/action_dispatch/templates"
  * "/home/mikey/the_odin_project/rails_project/sample_app/app/views"
  * "/home/mikey/.rvm/gems/ruby-2.2.1/gems/web-console-2.0.0.beta3/app/views"
):
  actionview (4.2.2) lib/action_view/path_set.rb:46:in `find'
  actionview (4.2.2) lib/action_view/lookup_context.rb:121:in `find'
  actionview (4.2.2) lib/action_view/renderer/abstract_renderer.rb:18:in `find_template'
  actionview (4.2.2) lib/action_view/renderer/template_renderer.rb:40:in `determine_template'
  actionview (4.2.2) lib/action_view/renderer/template_renderer.rb:8:in `render'
  actionview (4.2.2) lib/action_view/renderer/renderer.rb:42:in `render_template'
  actionview (4.2.2) lib/action_view/renderer/renderer.rb:23:in `render'
  actionview (4.2.2) lib/action_view/rendering.rb:100:in `_render_template'
  actionpack (4.2.2) lib/action_controller/metal/streaming.rb:217:in `_render_template'
  actionview (4.2.2) lib/action_view/rendering.rb:83:in `render_to_body'
  actionpack (4.2.2) lib/action_controller/metal/rendering.rb:32:in `render_to_body'
  actionpack (4.2.2) lib/action_controller/metal/renderers.rb:37:in `render_to_body'
  actionpack (4.2.2) lib/abstract_controller/rendering.rb:25:in `render'
  actionpack (4.2.2) lib/action_controller/metal/rendering.rb:16:in `render'
  actionpack (4.2.2) lib/action_controller/metal/instrumentation.rb:44:in `block (2 levels) in render'
  activesupport (4.2.2) lib/active_support/core_ext/benchmark.rb:12:in `block in ms'
  /home/mikey/.rvm/rubies/ruby-2.2.1/lib/ruby/2.2.0/benchmark.rb:303:in `realtime'
  activesupport (4.2.2) lib/active_support/core_ext/benchmark.rb:12:in `ms'
  actionpack (4.2.2) lib/action_controller/metal/instrumentation.rb:44:in `block in render'
  actionpack (4.2.2) lib/action_controller/metal/instrumentation.rb:87:in `cleanup_view_runtime'
  activerecord (4.2.2) lib/active_record/railties/controller_runtime.rb:25:in `cleanup_view_runtime'
  actionpack (4.2.2) lib/action_controller/metal/instrumentation.rb:43:in `render'
  actionpack (4.2.2) lib/action_controller/metal/implicit_render.rb:10:in `default_render'
  actionpack (4.2.2) lib/action_controller/metal/implicit_render.rb:5:in `send_action'
  actionpack (4.2.2) lib/abstract_controller/base.rb:198:in `process_action'
  actionpack (4.2.2) lib/action_controller/metal/rendering.rb:10:in `process_action'
  actionpack (4.2.2) lib/abstract_controller/callbacks.rb:20:in `block in process_action'
  activesupport (4.2.2) lib/active_support/callbacks.rb:117:in `call'
  activesupport (4.2.2) lib/active_support/callbacks.rb:117:in `call'
  activesupport (4.2.2) lib/active_support/callbacks.rb:555:in `block (2 levels) in compile'
  activesupport (4.2.2) lib/active_support/callbacks.rb:505:in `call'
  activesupport (4.2.2) lib/active_support/callbacks.rb:505:in `call'
  activesupport (4.2.2) lib/active_support/callbacks.rb:92:in `_run_callbacks'
  activesupport (4.2.2) lib/active_support/callbacks.rb:776:in `_run_process_action_callbacks'
  activesupport (4.2.2) lib/active_support/callbacks.rb:81:in `run_callbacks'
  actionpack (4.2.2) lib/abstract_controller/callbacks.rb:19:in `process_action'
  actionpack (4.2.2) lib/action_controller/metal/rescue.rb:29:in `process_action'
  actionpack (4.2.2) lib/action_controller/metal/instrumentation.rb:32:in `block in process_action'
  activesupport (4.2.2) lib/active_support/notifications.rb:164:in `block in instrument'
  activesupport (4.2.2) lib/active_support/notifications/instrumenter.rb:20:in `instrument'
  activesupport (4.2.2) lib/active_support/notifications.rb:164:in `instrument'
  actionpack (4.2.2) lib/action_controller/metal/instrumentation.rb:30:in `process_action'
  actionpack (4.2.2) lib/action_controller/metal/params_wrapper.rb:250:in `process_action'
  activerecord (4.2.2) lib/active_record/railties/controller_runtime.rb:18:in `process_action'
  actionpack (4.2.2) lib/abstract_controller/base.rb:137:in `process'
  actionview (4.2.2) lib/action_view/rendering.rb:30:in `process'
  actionpack (4.2.2) lib/action_controller/metal.rb:196:in `dispatch'
  actionpack (4.2.2) lib/action_controller/metal/rack_delegation.rb:13:in `dispatch'
  actionpack (4.2.2) lib/action_controller/metal.rb:237:in `block in action'
  actionpack (4.2.2) lib/action_dispatch/routing/route_set.rb:74:in `call'
  actionpack (4.2.2) lib/action_dispatch/routing/route_set.rb:74:in `dispatch'
  actionpack (4.2.2) lib/action_dispatch/routing/route_set.rb:43:in `serve'
  actionpack (4.2.2) lib/action_dispatch/journey/router.rb:43:in `block in serve'
  actionpack (4.2.2) lib/action_dispatch/journey/router.rb:30:in `each'
  actionpack (4.2.2) lib/action_dispatch/journey/router.rb:30:in `serve'
  actionpack (4.2.2) lib/action_dispatch/routing/route_set.rb:819:in `call'
  rack (1.6.4) lib/rack/etag.rb:24:in `call'
  rack (1.6.4) lib/rack/conditionalget.rb:38:in `call'
  rack (1.6.4) lib/rack/head.rb:13:in `call'
  actionpack (4.2.2) lib/action_dispatch/middleware/params_parser.rb:27:in `call'
  actionpack (4.2.2) lib/action_dispatch/middleware/flash.rb:260:in `call'
  rack (1.6.4) lib/rack/session/abstract/id.rb:225:in `context'
  rack (1.6.4) lib/rack/session/abstract/id.rb:220:in `call'
  actionpack (4.2.2) lib/action_dispatch/middleware/cookies.rb:560:in `call'
  activerecord (4.2.2) lib/active_record/query_cache.rb:36:in `call'
  activerecord (4.2.2) lib/active_record/connection_adapters/abstract/connection_pool.rb:649:in `call'
  activerecord (4.2.2) lib/active_record/migration.rb:378:in `call'
  actionpack (4.2.2) lib/action_dispatch/middleware/callbacks.rb:29:in `block in call'
  activesupport (4.2.2) lib/active_support/callbacks.rb:88:in `call'
  activesupport (4.2.2) lib/active_support/callbacks.rb:88:in `_run_callbacks'
  activesupport (4.2.2) lib/active_support/callbacks.rb:776:in `_run_call_callbacks'
  activesupport (4.2.2) lib/active_support/callbacks.rb:81:in `run_callbacks'
  actionpack (4.2.2) lib/action_dispatch/middleware/callbacks.rb:27:in `call'
  actionpack (4.2.2) lib/action_dispatch/middleware/reloader.rb:73:in `call'
  actionpack (4.2.2) lib/action_dispatch/middleware/remote_ip.rb:78:in `call'
  web-console (2.0.0.beta3) lib/action_dispatch/debug_exceptions.rb:18:in `middleware_call'
  web-console (2.0.0.beta3) lib/action_dispatch/debug_exceptions.rb:13:in `call'
  actionpack (4.2.2) lib/action_dispatch/middleware/show_exceptions.rb:30:in `call'
  railties (4.2.2) lib/rails/rack/logger.rb:38:in `call_app'
  railties (4.2.2) lib/rails/rack/logger.rb:20:in `block in call'
  activesupport (4.2.2) lib/active_support/tagged_logging.rb:68:in `block in tagged'
  activesupport (4.2.2) lib/active_support/tagged_logging.rb:26:in `tagged'
  activesupport (4.2.2) lib/active_support/tagged_logging.rb:68:in `tagged'
  railties (4.2.2) lib/rails/rack/logger.rb:20:in `call'
  actionpack (4.2.2) lib/action_dispatch/middleware/request_id.rb:21:in `call'
  rack (1.6.4) lib/rack/methodoverride.rb:22:in `call'
  rack (1.6.4) lib/rack/runtime.rb:18:in `call'
  activesupport (4.2.2) lib/active_support/cache/strategy/local_cache_middleware.rb:28:in `call'
  rack (1.6.4) lib/rack/lock.rb:17:in `call'
  actionpack (4.2.2) lib/action_dispatch/middleware/static.rb:113:in `call'
  rack (1.6.4) lib/rack/sendfile.rb:113:in `call'
  railties (4.2.2) lib/rails/engine.rb:518:in `call'
  railties (4.2.2) lib/rails/application.rb:164:in `call'
  rack (1.6.4) lib/rack/lock.rb:17:in `call'
  rack (1.6.4) lib/rack/content_length.rb:15:in `call'
  rack (1.6.4) lib/rack/handler/webrick.rb:88:in `service'
  /home/mikey/.rvm/rubies/ruby-2.2.1/lib/ruby/2.2.0/webrick/httpserver.rb:138:in `service'
  /home/mikey/.rvm/rubies/ruby-2.2.1/lib/ruby/2.2.0/webrick/httpserver.rb:94:in `run'
  /home/mikey/.rvm/rubies/ruby-2.2.1/lib/ruby/2.2.0/webrick/server.rb:294:in `block in start_thread'


  Rendered /home/mikey/.rvm/gems/ruby-2.2.1/gems/web-console-2.0.0.beta3/lib/action_dispatch/templates/rescues/missing_template.html.erb within rescues/layout (0.3ms)


Started GET "/users" for 127.0.0.1 at 2016-01-26 18:01:06 -0800

AbstractController::ActionNotFound (The action 'index' could not be found for UsersController):
  actionpack (4.2.2) lib/abstract_controller/base.rb:132:in `process'
  actionview (4.2.2) lib/action_view/rendering.rb:30:in `process'
  actionpack (4.2.2) lib/action_controller/metal.rb:196:in `dispatch'
  actionpack (4.2.2) lib/action_controller/metal/rack_delegation.rb:13:in `dispatch'
  actionpack (4.2.2) lib/action_controller/metal.rb:237:in `block in action'
  actionpack (4.2.2) lib/action_dispatch/routing/route_set.rb:74:in `call'
  actionpack (4.2.2) lib/action_dispatch/routing/route_set.rb:74:in `dispatch'
  actionpack (4.2.2) lib/action_dispatch/routing/route_set.rb:43:in `serve'
  actionpack (4.2.2) lib/action_dispatch/journey/router.rb:43:in `block in serve'
  actionpack (4.2.2) lib/action_dispatch/journey/router.rb:30:in `each'
  actionpack (4.2.2) lib/action_dispatch/journey/router.rb:30:in `serve'
  actionpack (4.2.2) lib/action_dispatch/routing/route_set.rb:819:in `call'
  rack (1.6.4) lib/rack/etag.rb:24:in `call'
  rack (1.6.4) lib/rack/conditionalget.rb:25:in `call'
  rack (1.6.4) lib/rack/head.rb:13:in `call'
  actionpack (4.2.2) lib/action_dispatch/middleware/params_parser.rb:27:in `call'
  actionpack (4.2.2) lib/action_dispatch/middleware/flash.rb:260:in `call'
  rack (1.6.4) lib/rack/session/abstract/id.rb:225:in `context'
  rack (1.6.4) lib/rack/session/abstract/id.rb:220:in `call'
  actionpack (4.2.2) lib/action_dispatch/middleware/cookies.rb:560:in `call'
  activerecord (4.2.2) lib/active_record/query_cache.rb:36:in `call'
  activerecord (4.2.2) lib/active_record/connection_adapters/abstract/connection_pool.rb:649:in `call'
  activerecord (4.2.2) lib/active_record/migration.rb:378:in `call'
  actionpack (4.2.2) lib/action_dispatch/middleware/callbacks.rb:29:in `block in call'
  activesupport (4.2.2) lib/active_support/callbacks.rb:88:in `call'
  activesupport (4.2.2) lib/active_support/callbacks.rb:88:in `_run_callbacks'
  activesupport (4.2.2) lib/active_support/callbacks.rb:776:in `_run_call_callbacks'
  activesupport (4.2.2) lib/active_support/callbacks.rb:81:in `run_callbacks'
  actionpack (4.2.2) lib/action_dispatch/middleware/callbacks.rb:27:in `call'
  actionpack (4.2.2) lib/action_dispatch/middleware/reloader.rb:73:in `call'
  actionpack (4.2.2) lib/action_dispatch/middleware/remote_ip.rb:78:in `call'
  web-console (2.0.0.beta3) lib/action_dispatch/debug_exceptions.rb:18:in `middleware_call'
  web-console (2.0.0.beta3) lib/action_dispatch/debug_exceptions.rb:13:in `call'
  actionpack (4.2.2) lib/action_dispatch/middleware/show_exceptions.rb:30:in `call'
  railties (4.2.2) lib/rails/rack/logger.rb:38:in `call_app'
  railties (4.2.2) lib/rails/rack/logger.rb:20:in `block in call'
  activesupport (4.2.2) lib/active_support/tagged_logging.rb:68:in `block in tagged'
  activesupport (4.2.2) lib/active_support/tagged_logging.rb:26:in `tagged'
  activesupport (4.2.2) lib/active_support/tagged_logging.rb:68:in `tagged'
  railties (4.2.2) lib/rails/rack/logger.rb:20:in `call'
  actionpack (4.2.2) lib/action_dispatch/middleware/request_id.rb:21:in `call'
  rack (1.6.4) lib/rack/methodoverride.rb:22:in `call'
  rack (1.6.4) lib/rack/runtime.rb:18:in `call'
  activesupport (4.2.2) lib/active_support/cache/strategy/local_cache_middleware.rb:28:in `call'
  rack (1.6.4) lib/rack/lock.rb:17:in `call'
  actionpack (4.2.2) lib/action_dispatch/middleware/static.rb:113:in `call'
  rack (1.6.4) lib/rack/sendfile.rb:113:in `call'
  railties (4.2.2) lib/rails/engine.rb:518:in `call'
  railties (4.2.2) lib/rails/application.rb:164:in `call'
  rack (1.6.4) lib/rack/lock.rb:17:in `call'
  rack (1.6.4) lib/rack/content_length.rb:15:in `call'
  rack (1.6.4) lib/rack/handler/webrick.rb:88:in `service'
  /home/mikey/.rvm/rubies/ruby-2.2.1/lib/ruby/2.2.0/webrick/httpserver.rb:138:in `service'
  /home/mikey/.rvm/rubies/ruby-2.2.1/lib/ruby/2.2.0/webrick/httpserver.rb:94:in `run'
  /home/mikey/.rvm/rubies/ruby-2.2.1/lib/ruby/2.2.0/webrick/server.rb:294:in `block in start_thread'


  Rendered /home/mikey/.rvm/gems/ruby-2.2.1/gems/web-console-2.0.0.beta3/lib/action_dispatch/templates/rescues/unknown_action.html.erb within rescues/layout (0.4ms)


Started GET "/" for 127.0.0.1 at 2016-01-26 18:01:09 -0800
Processing by StaticPagesController#home as HTML
  Rendered static_pages/home.html.erb within layouts/application (1.2ms)
  Rendered layouts/_shim.html.erb (0.0ms)
  Rendered layouts/_header.html.erb (0.6ms)
  Rendered layouts/_footer.html.erb (0.1ms)
Completed 200 OK in 93ms (Views: 92.3ms | ActiveRecord: 0.0ms)


Started GET "/signup" for 127.0.0.1 at 2016-01-26 18:01:11 -0800
Processing by UsersController#new as HTML
  Rendered shared/_error_messages.html.erb (0.0ms)
  Rendered users/new.html.erb within layouts/application (9.5ms)
  Rendered layouts/_shim.html.erb (0.1ms)
  Rendered layouts/_header.html.erb (2.9ms)
  Rendered layouts/_footer.html.erb (0.1ms)
Completed 200 OK in 79ms (Views: 60.1ms | ActiveRecord: 1.3ms)


Started POST "/users" for 127.0.0.1 at 2016-01-26 18:01:12 -0800
Processing by UsersController#create as HTML
  Parameters: {"utf8"=>"✓", "authenticity_token"=>"q2V7TY1gwME2s9HpNsDPPM/nMMvtOI54vkjreijY/+a1UgvuUf+SiwfPpf2TnbMC9ZaSGGA5UeWhVTQ/oDCaYA==", "user"=>{"name"=>"", "email"=>"", "password"=>"[FILTERED]", "password_confirmation"=>"[FILTERED]"}, "commit"=>"Create my account"}
  [1m[36m (0.1ms)[0m  [1mbegin transaction[0m
  [1m[35mUser Exists (2.4ms)[0m  SELECT  1 AS one FROM "users" WHERE LOWER("users"."email") = LOWER('') LIMIT 1
  [1m[36m (0.1ms)[0m  [1mrollback transaction[0m
  Rendered shared/_error_messages.html.erb (2.7ms)
  Rendered users/new.html.erb within layouts/application (17.7ms)
  Rendered layouts/_shim.html.erb (0.0ms)
  Rendered layouts/_header.html.erb (0.2ms)
  Rendered layouts/_footer.html.erb (0.1ms)
Completed 200 OK in 139ms (Views: 124.1ms | ActiveRecord: 2.5ms)
  [1m[36m (0.1ms)[0m  [1mSELECT COUNT(*) FROM "users"[0m
  [1m[36m (29.8ms)[0m  [1mCREATE TABLE "schema_migrations" ("version" varchar NOT NULL) [0m
  [1m[35m (0.2ms)[0m  select sqlite_version(*)
  [1m[36m (5.0ms)[0m  [1mCREATE UNIQUE INDEX "unique_schema_migrations" ON "schema_migrations" ("version")[0m
  [1m[35mActiveRecord::SchemaMigration Load (0.1ms)[0m  SELECT "schema_migrations".* FROM "schema_migrations"
Migrating to CreateUsers (20160119063847)
  [1m[36m (0.0ms)[0m  [1mbegin transaction[0m
  [1m[35m (0.7ms)[0m  CREATE TABLE "users" ("id" INTEGER PRIMARY KEY AUTOINCREMENT NOT NULL, "name" varchar, "email" varchar, "created_at" datetime NOT NULL, "updated_at" datetime NOT NULL) 
  [1m[36mSQL (0.1ms)[0m  [1mINSERT INTO "schema_migrations" ("version") VALUES (?)[0m  [["version", "20160119063847"]]
  [1m[35m (13.2ms)[0m  commit transaction
Migrating to AddIndexToUsersEmail (20160120021931)
  [1m[36m (0.3ms)[0m  [1mbegin transaction[0m
  [1m[35m (0.1ms)[0m  CREATE UNIQUE INDEX "index_users_on_email" ON "users" ("email")
  [1m[36mSQL (0.1ms)[0m  [1mINSERT INTO "schema_migrations" ("version") VALUES (?)[0m  [["version", "20160120021931"]]
  [1m[35m (10.8ms)[0m  commit transaction
Migrating to AddPasswordDigestToUsers (20160120030653)
  [1m[36m (0.1ms)[0m  [1mbegin transaction[0m
  [1m[35m (0.2ms)[0m  ALTER TABLE "users" ADD "password_digest" varchar
  [1m[36mSQL (0.1ms)[0m  [1mINSERT INTO "schema_migrations" ("version") VALUES (?)[0m  [["version", "20160120030653"]]
  [1m[35m (3.5ms)[0m  commit transaction
  [1m[36mActiveRecord::SchemaMigration Load (0.3ms)[0m  [1mSELECT "schema_migrations".* FROM "schema_migrations"[0m
  [1m[35m (0.1ms)[0m              SELECT sql
            FROM sqlite_master
            WHERE name='index_users_on_email' AND type='index'
            UNION ALL
            SELECT sql
            FROM sqlite_temp_master
            WHERE name='index_users_on_email' AND type='index'

  [1m[36m (0.1ms)[0m  [1mSELECT COUNT(*) FROM "users"[0m


Started POST "/users" for 127.0.0.1 at 2016-01-26 18:16:39 -0800
  [1m[36mActiveRecord::SchemaMigration Load (0.1ms)[0m  [1mSELECT "schema_migrations".* FROM "schema_migrations"[0m
Processing by UsersController#create as HTML
  Parameters: {"utf8"=>"✓", "authenticity_token"=>"kK/njdoUI4kRv2zm+VyGMFfgjEqCnRigKsPvd/ncXtCOmJcuBotxwyDDGPJcAfoObZEumQ+cxz013jAycTQ7Vg==", "user"=>{"name"=>"Michael", "email"=>"Michael@michael.com", "password"=>"[FILTERED]", "password_confirmation"=>"[FILTERED]"}, "commit"=>"Create my account"}
  [1m[35m (0.1ms)[0m  begin transaction
  [1m[36mUser Exists (0.1ms)[0m  [1mSELECT  1 AS one FROM "users" WHERE LOWER("users"."email") = LOWER('Michael@michael.com') LIMIT 1[0m
  [1m[35mSQL (0.2ms)[0m  INSERT INTO "users" ("name", "email", "password_digest", "created_at", "updated_at") VALUES (?, ?, ?, ?, ?)  [["name", "Michael"], ["email", "michael@michael.com"], ["password_digest", "$2a$10$yagl60Y2DJYbfcF9xdZdv.se5RvYKTc0ybckCBqJQ2Wsoq3vKViM2"], ["created_at", "2016-01-27 02:16:40.049472"], ["updated_at", "2016-01-27 02:16:40.049472"]]
  [1m[36m (4.6ms)[0m  [1mcommit transaction[0m
Redirected to http://localhost:3000/users/1
Completed 302 Found in 103ms (ActiveRecord: 8.1ms)


Started GET "/users/1" for 127.0.0.1 at 2016-01-26 18:16:40 -0800
Processing by UsersController#show as HTML
  Parameters: {"id"=>"1"}
  [1m[35mUser Load (0.2ms)[0m  SELECT  "users".* FROM "users" WHERE "users"."id" = ? LIMIT 1  [["id", 1]]
  Rendered users/show.html.erb within layouts/application (1.2ms)
  Rendered layouts/_shim.html.erb (0.8ms)
  Rendered layouts/_header.html.erb (0.9ms)
  Rendered layouts/_footer.html.erb (0.7ms)
Completed 200 OK in 396ms (Views: 384.2ms | ActiveRecord: 0.2ms)
